-------------------------------------------------------------------------------
Test set: com.PS.demo.PsApplicationTests
-------------------------------------------------------------------------------
Tests run: 1, Failures: 0, Errors: 1, Skipped: 0, Time elapsed: 6.333 s <<< FAILURE! - in com.PS.demo.PsApplicationTests
contextLoads  Time elapsed: 0.001 s  <<< ERROR!
java.lang.IllegalStateException: Failed to load ApplicationContext
Caused by: org.springframework.beans.factory.UnsatisfiedDependencyException: Error creating bean with name 'init' defined in com.PS.demo.PsApplication: Unsatisfied dependency expressed through method 'init' parameter 0; nested exception is org.springframework.beans.factory.BeanCreationException: Error creating bean with name 'masinaRepository' defined in com.PS.demo.repository.MasinaRepository defined in @EnableJpaRepositories declared on JpaRepositoriesRegistrar.EnableJpaRepositoriesConfiguration: Invocation of init method failed; nested exception is java.lang.IllegalArgumentException: Failed to create query for method public abstract java.util.List com.PS.demo.repository.MasinaRepository.getMasinileMele()! No property getMasinileMele found for type Masina!
Caused by: org.springframework.beans.factory.BeanCreationException: Error creating bean with name 'masinaRepository' defined in com.PS.demo.repository.MasinaRepository defined in @EnableJpaRepositories declared on JpaRepositoriesRegistrar.EnableJpaRepositoriesConfiguration: Invocation of init method failed; nested exception is java.lang.IllegalArgumentException: Failed to create query for method public abstract java.util.List com.PS.demo.repository.MasinaRepository.getMasinileMele()! No property getMasinileMele found for type Masina!
Caused by: java.lang.IllegalArgumentException: Failed to create query for method public abstract java.util.List com.PS.demo.repository.MasinaRepository.getMasinileMele()! No property getMasinileMele found for type Masina!
Caused by: org.springframework.data.mapping.PropertyReferenceException: No property getMasinileMele found for type Masina!

